2021-05-19 16:21:28 DEBUG Pinta panel azul
2021-05-19 16:21:28 DEBUG Pinta panel amarillo
2021-05-19 16:21:28 DEBUG Corre frame
2021-05-19 16:37:16 DEBUG Pinta panel azul
2021-05-19 16:37:16 DEBUG Pone panel chat al west
2021-05-19 16:37:16 DEBUG Pinta panel amarillo
2021-05-19 16:37:16 DEBUG pone panel participa al east
2021-05-19 16:37:17 DEBUG Corre frame
2021-05-19 16:38:53 DEBUG Pinta panel azul
2021-05-19 16:38:53 DEBUG Pone panel chat al west
2021-05-19 16:38:53 DEBUG Pinta panel amarillo
2021-05-19 16:38:53 DEBUG pone panel participa al east
2021-05-19 16:38:54 DEBUG Corre frame
2021-05-19 16:40:19 DEBUG Pinta panel azul
2021-05-19 16:40:19 DEBUG Pone panel chat al west
2021-05-19 16:40:19 DEBUG Pinta panel amarillo
2021-05-19 16:40:19 DEBUG pone panel participa al east
2021-05-19 16:40:19 DEBUG Corre frame
2021-05-19 16:41:08 DEBUG Pinta panel azul
2021-05-19 16:41:08 DEBUG Pone panel chat al west
2021-05-19 16:41:08 DEBUG Pinta panel amarillo
2021-05-19 16:41:08 DEBUG pone panel participa al east
2021-05-19 16:41:09 DEBUG Corre frame
2021-05-19 16:41:40 DEBUG Pinta panel azul
2021-05-19 16:41:40 DEBUG Pone panel chat al west
2021-05-19 16:41:40 DEBUG Pinta panel amarillo
2021-05-19 16:41:40 DEBUG pone panel participa al east
2021-05-19 16:41:40 DEBUG Corre frame
2021-05-19 16:43:01 DEBUG Pinta panel azul
2021-05-19 16:43:01 DEBUG Pone panel chat al west
2021-05-19 16:43:01 DEBUG Pinta panel amarillo
2021-05-19 16:43:01 DEBUG pone panel participa al east
2021-05-19 16:43:02 DEBUG Corre frame
2021-05-19 16:44:31 DEBUG Pinta panel azul
2021-05-19 16:44:31 DEBUG Pone panel chat al west
2021-05-19 16:44:31 DEBUG Pinta panel amarillo
2021-05-19 16:44:31 DEBUG pone panel participa al east
2021-05-19 16:44:32 DEBUG Corre frame
2021-05-19 16:47:46 DEBUG Pinta panel azul
2021-05-19 16:47:46 DEBUG Pone panel chat al west
2021-05-19 16:47:46 DEBUG Pinta panel amarillo
2021-05-19 16:47:46 DEBUG pone panel participa al east
2021-05-19 16:47:47 DEBUG Corre frame
2021-05-19 16:48:30 DEBUG Pinta panel azul
2021-05-19 16:48:30 DEBUG Pone panel chat al west
2021-05-19 16:48:30 DEBUG Pinta panel amarillo
2021-05-19 16:48:30 DEBUG pone panel participa al east
2021-05-19 16:48:30 DEBUG Corre frame
2021-05-19 16:50:22 DEBUG Pinta panel azul
2021-05-19 16:50:22 DEBUG Pone panel chat al west
2021-05-19 16:50:22 DEBUG Pinta panel amarillo
2021-05-19 16:50:22 DEBUG pone panel participa al east
2021-05-19 16:50:22 DEBUG Corre frame
2021-05-19 16:51:05 DEBUG Pinta panel azul
2021-05-19 16:51:05 DEBUG Pone panel chat al west
2021-05-19 16:51:05 DEBUG Pinta panel amarillo
2021-05-19 16:51:05 DEBUG pone panel participa al east
2021-05-19 16:51:06 DEBUG Corre frame
2021-05-19 16:52:34 DEBUG Pinta panel azul
2021-05-19 16:52:34 DEBUG Pone panel chat al west
2021-05-19 16:52:34 DEBUG Pinta panel amarillo
2021-05-19 16:52:34 DEBUG pone panel participa al east
2021-05-19 16:52:34 DEBUG Corre frame
2021-05-19 16:53:21 DEBUG Pinta panel azul
2021-05-19 16:53:21 DEBUG Pone panel chat al west
2021-05-19 16:53:21 DEBUG Pinta panel amarillo
2021-05-19 16:53:21 DEBUG pone panel participa al east
2021-05-19 16:53:22 DEBUG Corre frame
2021-05-19 16:57:44 DEBUG Pinta panel azul
2021-05-19 16:57:44 DEBUG Pone panel chat al west
2021-05-19 16:57:44 DEBUG Pinta panel amarillo
2021-05-19 16:57:44 DEBUG pone panel participa al east
2021-05-19 16:57:44 DEBUG Corre frame
2021-05-19 16:59:48 DEBUG Pinta panel azul
2021-05-19 16:59:48 DEBUG Pone panel chat al west
2021-05-19 16:59:48 DEBUG Pinta panel amarillo
2021-05-19 16:59:48 DEBUG pone panel participa al east
2021-05-19 16:59:49 DEBUG Corre frame
2021-05-19 17:00:43 DEBUG Pinta panel azul
2021-05-19 17:00:43 DEBUG Pone panel chat al west
2021-05-19 17:00:43 DEBUG Pinta panel amarillo
2021-05-19 17:00:43 DEBUG pone panel participa al east
2021-05-19 17:00:44 DEBUG Corre frame
2021-05-19 17:25:43 DEBUG Corre frame
2021-05-19 17:27:18 DEBUG Corre frame
2021-05-19 17:27:52 DEBUG Corre frame
2021-05-19 17:28:51 DEBUG Corre frame
2021-05-19 17:30:30 DEBUG Corre frame
2021-05-19 17:34:03 DEBUG Corre frame
2021-05-19 17:35:43 DEBUG Corre frame
2021-05-19 17:37:04 DEBUG Corre frame
2021-05-19 17:37:40 DEBUG Corre frame
2021-05-19 17:40:24 DEBUG Corre frame
2021-05-19 17:41:06 DEBUG Corre frame
2021-05-19 17:42:02 DEBUG Corre frame
2021-05-19 17:53:29 DEBUG Corre frame
2021-05-19 17:58:58 DEBUG Corre frame
2021-05-19 17:59:29 DEBUG Corre frame
2021-05-19 18:00:01 DEBUG Corre frame
2021-05-19 18:00:44 DEBUG Corre frame
2021-05-19 18:01:33 DEBUG Corre frame
2021-05-19 18:02:13 DEBUG Corre frame
2021-05-19 18:04:40 DEBUG Corre frame
2021-05-19 18:05:10 DEBUG Corre frame
2021-05-19 18:05:43 DEBUG Corre frame
2021-05-19 18:06:17 DEBUG Corre frame
2021-05-19 18:08:47 DEBUG Corre frame
2021-05-19 18:10:17 DEBUG Corre frame
2021-05-19 18:13:00 DEBUG Corre frame
2021-05-19 18:14:23 DEBUG Corre frame
2021-05-19 18:15:13 DEBUG Corre frame
2021-05-19 18:15:46 DEBUG Corre frame
2021-05-19 18:17:27 DEBUG Corre frame
